# JRE version: OpenJDK Runtime Environment (8.0_242-b01) (build 1.8.0_242-release-1644-b01)
# Java VM: OpenJDK 64-Bit Server VM (25.242-b01 mixed mode windows-amd64 compressed oops)
Heap:
 PSYoungGen      total 339456K, used 205987K [0x00000000e0000000, 0x00000000f8d00000, 0x0000000100000000)
  eden space 296448K, 55% used [0x00000000e0000000,0x00000000e9fcc890,0x00000000f2180000)
  from space 43008K, 98% used [0x00000000f5200000,0x00000000f7b5c548,0x00000000f7c00000)
  to   space 49664K, 0% used [0x00000000f2180000,0x00000000f2180000,0x00000000f5200000)
 ParOldGen       total 202752K, used 98464K [0x00000000a0000000, 0x00000000ac600000, 0x00000000e0000000)
  object space 202752K, 48% used [0x00000000a0000000,0x00000000a60280b8,0x00000000ac600000)
 Metaspace       used 91522K, capacity 97748K, committed 97960K, reserved 1134592K
  class space    used 12171K, capacity 13383K, committed 13488K, reserved 1048576K
GC Heap History (10 events):
Event: 16.953 GC heap before
{Heap before GC invocations=13 (full 3):
 PSYoungGen      total 230400K, used 215040K [0x00000000e0000000, 0x00000000f1380000, 0x0000000100000000)
  eden space 215040K, 100% used [0x00000000e0000000,0x00000000ed200000,0x00000000ed200000)
  from space 15360K, 0% used [0x00000000ed200000,0x00000000ed200000,0x00000000ee100000)
  to   space 23040K, 0% used [0x00000000efd00000,0x00000000efd00000,0x00000000f1380000)
 ParOldGen       total 202752K, used 42692K [0x00000000a0000000, 0x00000000ac600000, 0x00000000e0000000)
  object space 202752K, 21% used [0x00000000a0000000,0x00000000a29b1008,0x00000000ac600000)
 Metaspace       used 63282K, capacity 67042K, committed 67240K, reserved 1107968K
  class space    used 8753K, capacity 9564K, committed 9648K, reserved 1048576K
Event: 16.969 GC heap after
Heap after GC invocations=13 (full 3):
 PSYoungGen      total 256000K, used 22710K [0x00000000e0000000, 0x00000000f2900000, 0x0000000100000000)
  eden space 232960K, 0% used [0x00000000e0000000,0x00000000e0000000,0x00000000ee380000)
  from space 23040K, 98% used [0x00000000efd00000,0x00000000f132d858,0x00000000f1380000)
  to   space 26112K, 0% used [0x00000000ee380000,0x00000000ee380000,0x00000000efd00000)
 ParOldGen       total 202752K, used 42700K [0x00000000a0000000, 0x00000000ac600000, 0x00000000e0000000)
  object space 202752K, 21% used [0x00000000a0000000,0x00000000a29b3008,0x00000000ac600000)
 Metaspace       used 63282K, capacity 67042K, committed 67240K, reserved 1107968K
  class space    used 8753K, capacity 9564K, committed 9648K, reserved 1048576K
}
Event: 18.754 GC heap before
{Heap before GC invocations=14 (full 3):
 PSYoungGen      total 256000K, used 255670K [0x00000000e0000000, 0x00000000f2900000, 0x0000000100000000)
  eden space 232960K, 100% used [0x00000000e0000000,0x00000000ee380000,0x00000000ee380000)
  from space 23040K, 98% used [0x00000000efd00000,0x00000000f132d858,0x00000000f1380000)
  to   space 26112K, 0% used [0x00000000ee380000,0x00000000ee380000,0x00000000efd00000)
 ParOldGen       total 202752K, used 42700K [0x00000000a0000000, 0x00000000ac600000, 0x00000000e0000000)
  object space 202752K, 21% used [0x00000000a0000000,0x00000000a29b3008,0x00000000ac600000)
 Metaspace       used 70102K, capacity 74598K, committed 74664K, reserved 1114112K
  class space    used 9743K, capacity 10666K, committed 10672K, reserved 1048576K
Event: 18.780 GC heap after
Heap after GC invocations=14 (full 3):
 PSYoungGen      total 259072K, used 26089K [0x00000000e0000000, 0x00000000f4f80000, 0x0000000100000000)
  eden space 232960K, 0% used [0x00000000e0000000,0x00000000e0000000,0x00000000ee380000)
  from space 26112K, 99% used [0x00000000ee380000,0x00000000efcfa5a0,0x00000000efd00000)
  to   space 35328K, 0% used [0x00000000f2d00000,0x00000000f2d00000,0x00000000f4f80000)
 ParOldGen       total 202752K, used 58978K [0x00000000a0000000, 0x00000000ac600000, 0x00000000e0000000)
  object space 202752K, 29% used [0x00000000a0000000,0x00000000a39989a0,0x00000000ac600000)
 Metaspace       used 70102K, capacity 74598K, committed 74664K, reserved 1114112K
  class space    used 9743K, capacity 10666K, committed 10672K, reserved 1048576K
}
Event: 200.849 GC heap before
{Heap before GC invocations=15 (full 3):
 PSYoungGen      total 259072K, used 259049K [0x00000000e0000000, 0x00000000f4f80000, 0x0000000100000000)
  eden space 232960K, 100% used [0x00000000e0000000,0x00000000ee380000,0x00000000ee380000)
  from space 26112K, 99% used [0x00000000ee380000,0x00000000efcfa5a0,0x00000000efd00000)
  to   space 35328K, 0% used [0x00000000f2d00000,0x00000000f2d00000,0x00000000f4f80000)
 ParOldGen       total 202752K, used 58978K [0x00000000a0000000, 0x00000000ac600000, 0x00000000e0000000)
  object space 202752K, 29% used [0x00000000a0000000,0x00000000a39989a0,0x00000000ac600000)
 Metaspace       used 75735K, capacity 80828K, committed 80936K, reserved 1118208K
  class space    used 10233K, capacity 11271K, committed 11312K, reserved 1048576K
Event: 200.877 GC heap after
Heap after GC invocations=15 (full 3):
 PSYoungGen      total 289792K, used 16458K [0x00000000e0000000, 0x00000000f4500000, 0x0000000100000000)
  eden space 265216K, 0% used [0x00000000e0000000,0x00000000e0000000,0x00000000f0300000)
  from space 24576K, 66% used [0x00000000f2d00000,0x00000000f3d12998,0x00000000f4500000)
  to   space 33792K, 0% used [0x00000000f0300000,0x00000000f0300000,0x00000000f2400000)
 ParOldGen       total 202752K, used 73933K [0x00000000a0000000, 0x00000000ac600000, 0x00000000e0000000)
  object space 202752K, 36% used [0x00000000a0000000,0x00000000a4833518,0x00000000ac600000)
 Metaspace       used 75735K, capacity 80828K, committed 80936K, reserved 1118208K
  class space    used 10233K, capacity 11271K, committed 11312K, reserved 1048576K
}
Event: 203.744 GC heap before
{Heap before GC invocations=16 (full 3):
 PSYoungGen      total 289792K, used 281674K [0x00000000e0000000, 0x00000000f4500000, 0x0000000100000000)
  eden space 265216K, 100% used [0x00000000e0000000,0x00000000f0300000,0x00000000f0300000)
  from space 24576K, 66% used [0x00000000f2d00000,0x00000000f3d12998,0x00000000f4500000)
  to   space 33792K, 0% used [0x00000000f0300000,0x00000000f0300000,0x00000000f2400000)
 ParOldGen       total 202752K, used 73933K [0x00000000a0000000, 0x00000000ac600000, 0x00000000e0000000)
  object space 202752K, 36% used [0x00000000a0000000,0x00000000a4833518,0x00000000ac600000)
 Metaspace       used 81678K, capacity 87310K, committed 87336K, reserved 1124352K
  class space    used 10938K, capacity 12056K, committed 12080K, reserved 1048576K
Event: 203.780 GC heap after
Heap after GC invocations=16 (full 3):
 PSYoungGen      total 299008K, used 33790K [0x00000000e0000000, 0x00000000f7c00000, 0x0000000100000000)
  eden space 265216K, 0% used [0x00000000e0000000,0x00000000e0000000,0x00000000f0300000)
  from space 33792K, 99% used [0x00000000f0300000,0x00000000f23ffb90,0x00000000f2400000)
  to   space 43008K, 0% used [0x00000000f5200000,0x00000000f5200000,0x00000000f7c00000)
 ParOldGen       total 202752K, used 86515K [0x00000000a0000000, 0x00000000ac600000, 0x00000000e0000000)
  object space 202752K, 42% used [0x00000000a0000000,0x00000000a547ccf8,0x00000000ac600000)
 Metaspace       used 81678K, capacity 87310K, committed 87336K, reserved 1124352K
  class space    used 10938K, capacity 12056K, committed 12080K, reserved 1048576K
}
Event: 205.919 GC heap before
{Heap before GC invocations=17 (full 3):
 PSYoungGen      total 299008K, used 299006K [0x00000000e0000000, 0x00000000f7c00000, 0x0000000100000000)
  eden space 265216K, 100% used [0x00000000e0000000,0x00000000f0300000,0x00000000f0300000)
  from space 33792K, 99% used [0x00000000f0300000,0x00000000f23ffb90,0x00000000f2400000)
  to   space 43008K, 0% used [0x00000000f5200000,0x00000000f5200000,0x00000000f7c00000)
 ParOldGen       total 202752K, used 86515K [0x00000000a0000000, 0x00000000ac600000, 0x00000000e0000000)
  object space 202752K, 42% used [0x00000000a0000000,0x00000000a547ccf8,0x00000000ac600000)
 Metaspace       used 84710K, capacity 90424K, committed 90664K, reserved 1128448K
  class space    used 11181K, capacity 12321K, committed 12336K, reserved 1048576K
Event: 205.960 GC heap after
Heap after GC invocations=17 (full 3):
 PSYoungGen      total 339456K, used 42353K [0x00000000e0000000, 0x00000000f8d00000, 0x0000000100000000)
  eden space 296448K, 0% used [0x00000000e0000000,0x00000000e0000000,0x00000000f2180000)
  from space 43008K, 98% used [0x00000000f5200000,0x00000000f7b5c548,0x00000000f7c00000)
  to   space 49664K, 0% used [0x00000000f2180000,0x00000000f2180000,0x00000000f5200000)
 ParOldGen       total 202752K, used 98464K [0x00000000a0000000, 0x00000000ac600000, 0x00000000e0000000)
  object space 202752K, 48% used [0x00000000a0000000,0x00000000a60280b8,0x00000000ac600000)
 Metaspace       used 84710K, capacity 90424K, committed 90664K, reserved 1128448K
  class space    used 11181K, capacity 12321K, committed 12336K, reserved 1048576K
}

