# JRE version: OpenJDK Runtime Environment (8.0_242-b01) (build 1.8.0_242-release-1644-b01)
# Java VM: OpenJDK 64-Bit Server VM (25.242-b01 mixed mode windows-amd64 compressed oops)
Heap:
 PSYoungGen      total 380416K, used 215655K [0x00000000e0000000, 0x00000000fa000000, 0x0000000100000000)
  eden space 337408K, 63% used [0x00000000e0000000,0x00000000ed0e1c18,0x00000000f4980000)
  from space 43008K, 4% used [0x00000000f4980000,0x00000000f4b38000,0x00000000f7380000)
  to   space 43008K, 0% used [0x00000000f7380000,0x00000000f7380000,0x00000000f9d80000)
 ParOldGen       total 200192K, used 119949K [0x00000000a0000000, 0x00000000ac380000, 0x00000000e0000000)
  object space 200192K, 59% used [0x00000000a0000000,0x00000000a7523480,0x00000000ac380000)
 Metaspace       used 87610K, capacity 93100K, committed 93336K, reserved 1130496K
  class space    used 11737K, capacity 12899K, committed 12960K, reserved 1048576K
GC Heap History (10 events):
Event: 13.510 GC heap before
{Heap before GC invocations=14 (full 3):
 PSYoungGen      total 264704K, used 264702K [0x00000000e0000000, 0x00000000f2480000, 0x0000000100000000)
  eden space 242176K, 100% used [0x00000000e0000000,0x00000000eec80000,0x00000000eec80000)
  from space 22528K, 99% used [0x00000000f0580000,0x00000000f1b7fa30,0x00000000f1b80000)
  to   space 25600K, 0% used [0x00000000eec80000,0x00000000eec80000,0x00000000f0580000)
 ParOldGen       total 200192K, used 42787K [0x00000000a0000000, 0x00000000ac380000, 0x00000000e0000000)
  object space 200192K, 21% used [0x00000000a0000000,0x00000000a29c8c88,0x00000000ac380000)
 Metaspace       used 70268K, capacity 74272K, committed 74520K, reserved 1114112K
  class space    used 9593K, capacity 10457K, committed 10528K, reserved 1048576K
Event: 13.542 GC heap after
Heap after GC invocations=14 (full 3):
 PSYoungGen      total 267776K, used 25583K [0x00000000e0000000, 0x00000000f6000000, 0x0000000100000000)
  eden space 242176K, 0% used [0x00000000e0000000,0x00000000e0000000,0x00000000eec80000)
  from space 25600K, 99% used [0x00000000eec80000,0x00000000f057bed0,0x00000000f0580000)
  to   space 37376K, 0% used [0x00000000f3b80000,0x00000000f3b80000,0x00000000f6000000)
 ParOldGen       total 200192K, used 65268K [0x00000000a0000000, 0x00000000ac380000, 0x00000000e0000000)
  object space 200192K, 32% used [0x00000000a0000000,0x00000000a3fbd348,0x00000000ac380000)
 Metaspace       used 70268K, capacity 74272K, committed 74520K, reserved 1114112K
  class space    used 9593K, capacity 10457K, committed 10528K, reserved 1048576K
}
Event: 15.594 GC heap before
{Heap before GC invocations=15 (full 3):
 PSYoungGen      total 267776K, used 267759K [0x00000000e0000000, 0x00000000f6000000, 0x0000000100000000)
  eden space 242176K, 100% used [0x00000000e0000000,0x00000000eec80000,0x00000000eec80000)
  from space 25600K, 99% used [0x00000000eec80000,0x00000000f057bed0,0x00000000f0580000)
  to   space 37376K, 0% used [0x00000000f3b80000,0x00000000f3b80000,0x00000000f6000000)
 ParOldGen       total 200192K, used 65268K [0x00000000a0000000, 0x00000000ac380000, 0x00000000e0000000)
  object space 200192K, 32% used [0x00000000a0000000,0x00000000a3fbd348,0x00000000ac380000)
 Metaspace       used 72378K, capacity 76390K, committed 76696K, reserved 1116160K
  class space    used 9724K, capacity 10586K, committed 10656K, reserved 1048576K
Event: 15.625 GC heap after
Heap after GC invocations=15 (full 3):
 PSYoungGen      total 321024K, used 19896K [0x00000000e0000000, 0x00000000f5e00000, 0x0000000100000000)
  eden space 285696K, 0% used [0x00000000e0000000,0x00000000e0000000,0x00000000f1700000)
  from space 35328K, 56% used [0x00000000f3b80000,0x00000000f4eee0c8,0x00000000f5e00000)
  to   space 36352K, 0% used [0x00000000f1700000,0x00000000f1700000,0x00000000f3a80000)
 ParOldGen       total 200192K, used 87956K [0x00000000a0000000, 0x00000000ac380000, 0x00000000e0000000)
  object space 200192K, 43% used [0x00000000a0000000,0x00000000a55e5130,0x00000000ac380000)
 Metaspace       used 72378K, capacity 76390K, committed 76696K, reserved 1116160K
  class space    used 9724K, capacity 10586K, committed 10656K, reserved 1048576K
}
Event: 17.814 GC heap before
{Heap before GC invocations=16 (full 3):
 PSYoungGen      total 321024K, used 305592K [0x00000000e0000000, 0x00000000f5e00000, 0x0000000100000000)
  eden space 285696K, 100% used [0x00000000e0000000,0x00000000f1700000,0x00000000f1700000)
  from space 35328K, 56% used [0x00000000f3b80000,0x00000000f4eee0c8,0x00000000f5e00000)
  to   space 36352K, 0% used [0x00000000f1700000,0x00000000f1700000,0x00000000f3a80000)
 ParOldGen       total 200192K, used 87956K [0x00000000a0000000, 0x00000000ac380000, 0x00000000e0000000)
  object space 200192K, 43% used [0x00000000a0000000,0x00000000a55e5130,0x00000000ac380000)
 Metaspace       used 81468K, capacity 86586K, committed 86680K, reserved 1124352K
  class space    used 11058K, capacity 12154K, committed 12192K, reserved 1048576K
Event: 17.850 GC heap after
Heap after GC invocations=16 (full 3):
 PSYoungGen      total 322048K, used 36344K [0x00000000e0000000, 0x00000000f9d80000, 0x0000000100000000)
  eden space 285696K, 0% used [0x00000000e0000000,0x00000000e0000000,0x00000000f1700000)
  from space 36352K, 99% used [0x00000000f1700000,0x00000000f3a7e300,0x00000000f3a80000)
  to   space 43008K, 0% used [0x00000000f7380000,0x00000000f7380000,0x00000000f9d80000)
 ParOldGen       total 200192K, used 90504K [0x00000000a0000000, 0x00000000ac380000, 0x00000000e0000000)
  object space 200192K, 45% used [0x00000000a0000000,0x00000000a5862048,0x00000000ac380000)
 Metaspace       used 81468K, capacity 86586K, committed 86680K, reserved 1124352K
  class space    used 11058K, capacity 12154K, committed 12192K, reserved 1048576K
}
Event: 19.209 GC heap before
{Heap before GC invocations=17 (full 3):
 PSYoungGen      total 322048K, used 322040K [0x00000000e0000000, 0x00000000f9d80000, 0x0000000100000000)
  eden space 285696K, 100% used [0x00000000e0000000,0x00000000f1700000,0x00000000f1700000)
  from space 36352K, 99% used [0x00000000f1700000,0x00000000f3a7e300,0x00000000f3a80000)
  to   space 43008K, 0% used [0x00000000f7380000,0x00000000f7380000,0x00000000f9d80000)
 ParOldGen       total 200192K, used 90504K [0x00000000a0000000, 0x00000000ac380000, 0x00000000e0000000)
  object space 200192K, 45% used [0x00000000a0000000,0x00000000a5862048,0x00000000ac380000)
 Metaspace       used 82599K, capacity 87830K, committed 88088K, reserved 1124352K
  class space    used 11124K, capacity 12240K, committed 12320K, reserved 1048576K
Event: 19.236 GC heap after
Heap after GC invocations=17 (full 3):
 PSYoungGen      total 380416K, used 3728K [0x00000000e0000000, 0x00000000fa000000, 0x0000000100000000)
  eden space 337408K, 0% used [0x00000000e0000000,0x00000000e0000000,0x00000000f4980000)
  from space 43008K, 8% used [0x00000000f7380000,0x00000000f77243c0,0x00000000f9d80000)
  to   space 43008K, 0% used [0x00000000f4980000,0x00000000f4980000,0x00000000f7380000)
 ParOldGen       total 200192K, used 119941K [0x00000000a0000000, 0x00000000ac380000, 0x00000000e0000000)
  object space 200192K, 59% used [0x00000000a0000000,0x00000000a7521480,0x00000000ac380000)
 Metaspace       used 82599K, capacity 87830K, committed 88088K, reserved 1124352K
  class space    used 11124K, capacity 12240K, committed 12320K, reserved 1048576K
}
Event: 20.208 GC heap before
{Heap before GC invocations=18 (full 3):
 PSYoungGen      total 380416K, used 341136K [0x00000000e0000000, 0x00000000fa000000, 0x0000000100000000)
  eden space 337408K, 100% used [0x00000000e0000000,0x00000000f4980000,0x00000000f4980000)
  from space 43008K, 8% used [0x00000000f7380000,0x00000000f77243c0,0x00000000f9d80000)
  to   space 43008K, 0% used [0x00000000f4980000,0x00000000f4980000,0x00000000f7380000)
 ParOldGen       total 200192K, used 119941K [0x00000000a0000000, 0x00000000ac380000, 0x00000000e0000000)
  object space 200192K, 59% used [0x00000000a0000000,0x00000000a7521480,0x00000000ac380000)
 Metaspace       used 83071K, capacity 88316K, committed 88600K, reserved 1126400K
  class space    used 11154K, capacity 12281K, committed 12320K, reserved 1048576K
Event: 20.212 GC heap after
Heap after GC invocations=18 (full 3):
 PSYoungGen      total 380416K, used 1760K [0x00000000e0000000, 0x00000000fa000000, 0x0000000100000000)
  eden space 337408K, 0% used [0x00000000e0000000,0x00000000e0000000,0x00000000f4980000)
  from space 43008K, 4% used [0x00000000f4980000,0x00000000f4b38000,0x00000000f7380000)
  to   space 43008K, 0% used [0x00000000f7380000,0x00000000f7380000,0x00000000f9d80000)
 ParOldGen       total 200192K, used 119949K [0x00000000a0000000, 0x00000000ac380000, 0x00000000e0000000)
  object space 200192K, 59% used [0x00000000a0000000,0x00000000a7523480,0x00000000ac380000)
 Metaspace       used 83071K, capacity 88316K, committed 88600K, reserved 1126400K
  class space    used 11154K, capacity 12281K, committed 12320K, reserved 1048576K
}

